<?xml version="1.0" encoding="UTF-8"?>
<!-- Generated by org.testng.reporters.JUnitReportReporter -->
<testsuite skipped="1" name="flightsBooking.FlightBook" tests="1" failures="0" timestamp="06 Apr 2022 09:33:17 GMT" time="0.000" errors="0">
  <testcase name="bookFlightForDiffLoc" time="0.000" classname="flightsBooking.FlightBook">
    <skipped/>
  </testcase> <!-- bookFlightForDiffLoc -->
</testsuite> <!-- flightsBooking.FlightBook -->
